Mon Jun 05 2017 13:54:01 GMT-0500 (Central Daylight Time (Mexico)): GET /help.html
Mon Jun 05 2017 13:54:01 GMT-0500 (Central Daylight Time (Mexico)): GET /favicon.ico
Mon Jun 05 2017 13:54:15 GMT-0500 (Central Daylight Time (Mexico)): GET /
Mon Jun 05 2017 13:54:21 GMT-0500 (Central Daylight Time (Mexico)): GET /home
Mon Jun 05 2017 13:55:33 GMT-0500 (Central Daylight Time (Mexico)): GET /home
Mon Jun 05 2017 13:55:35 GMT-0500 (Central Daylight Time (Mexico)): GET /about
Mon Jun 05 2017 13:55:35 GMT-0500 (Central Daylight Time (Mexico)): GET /home
Mon Jun 05 2017 13:55:36 GMT-0500 (Central Daylight Time (Mexico)): GET /about
Mon Jun 05 2017 13:55:36 GMT-0500 (Central Daylight Time (Mexico)): GET /home
Mon Jun 05 2017 13:55:36 GMT-0500 (Central Daylight Time (Mexico)): GET /about
Mon Jun 05 2017 13:55:37 GMT-0500 (Central Daylight Time (Mexico)): GET /home
Mon Jun 05 2017 13:55:37 GMT-0500 (Central Daylight Time (Mexico)): GET /about
Mon Jun 05 2017 13:55:38 GMT-0500 (Central Daylight Time (Mexico)): GET /home
Mon Jun 05 2017 13:55:38 GMT-0500 (Central Daylight Time (Mexico)): GET /about
Mon Jun 05 2017 13:55:39 GMT-0500 (Central Daylight Time (Mexico)): GET /home
Mon Jun 05 2017 13:55:39 GMT-0500 (Central Daylight Time (Mexico)): GET /about
Mon Jun 05 2017 13:55:40 GMT-0500 (Central Daylight Time (Mexico)): GET /home
Mon Jun 05 2017 13:55:40 GMT-0500 (Central Daylight Time (Mexico)): GET /about
Mon Jun 05 2017 13:55:41 GMT-0500 (Central Daylight Time (Mexico)): GET /about
Mon Jun 05 2017 13:55:42 GMT-0500 (Central Daylight Time (Mexico)): GET /home
Mon Jun 05 2017 19:18:50 GMT-0500 (Central Daylight Time (Mexico)): GET /
Mon Jun 05 2017 19:18:57 GMT-0500 (Central Daylight Time (Mexico)): GET /home
Tue Mar 12 2019 10:45:39 GMT-0600 (Central Standard Time): GET /
Tue Mar 12 2019 10:45:39 GMT-0600 (Central Standard Time): GET /favicon.ico
Tue Mar 12 2019 10:50:25 GMT-0600 (Central Standard Time): GET /home
